{"D:\\projects\\plot-pals\\backend\\authMiddleware.js": {"path":"D:\\projects\\plot-pals\\backend\\authMiddleware.js","statementMap":{"0":{"start":{"line":1,"column":25},"end":{"line":1,"column":55}},"1":{"start":{"line":2,"column":24},"end":{"line":2,"column":52}},"2":{"start":{"line":3,"column":0},"end":{"line":3,"column":27}},"3":{"start":{"line":6,"column":23},"end":{"line":36,"column":1}},"4":{"start":{"line":7,"column":2},"end":{"line":35,"column":3}},"5":{"start":{"line":8,"column":23},"end":{"line":8,"column":48}},"6":{"start":{"line":11,"column":4},"end":{"line":16,"column":5}},"7":{"start":{"line":12,"column":6},"end":{"line":12,"column":57}},"8":{"start":{"line":14,"column":41},"end":{"line":14,"column":83}},"9":{"start":{"line":15,"column":6},"end":{"line":15,"column":73}},"10":{"start":{"line":17,"column":19},"end":{"line":17,"column":37}},"11":{"start":{"line":18,"column":27},"end":{"line":18,"column":62}},"12":{"start":{"line":19,"column":19},"end":{"line":22,"column":6}},"13":{"start":{"line":23,"column":20},"end":{"line":23,"column":39}},"14":{"start":{"line":24,"column":19},"end":{"line":24,"column":33}},"15":{"start":{"line":26,"column":4},"end":{"line":26,"column":24}},"16":{"start":{"line":27,"column":4},"end":{"line":27,"column":42}},"17":{"start":{"line":28,"column":4},"end":{"line":28,"column":18}},"18":{"start":{"line":32,"column":39},"end":{"line":32,"column":81}},"19":{"start":{"line":33,"column":4},"end":{"line":33,"column":62}},"20":{"start":{"line":34,"column":4},"end":{"line":34,"column":37}},"21":{"start":{"line":38,"column":0},"end":{"line":38,"column":32}}},"fnMap":{"0":{"name":"(anonymous_0)","decl":{"start":{"line":6,"column":23},"end":{"line":6,"column":24}},"loc":{"start":{"line":6,"column":49},"end":{"line":36,"column":1}},"line":6}},"branchMap":{"0":{"loc":{"start":{"line":11,"column":4},"end":{"line":16,"column":5}},"type":"if","locations":[{"start":{"line":11,"column":4},"end":{"line":16,"column":5}},{"start":{"line":13,"column":11},"end":{"line":16,"column":5}}],"line":11}},"s":{"0":0,"1":0,"2":0,"3":0,"4":0,"5":0,"6":0,"7":0,"8":0,"9":0,"10":0,"11":0,"12":0,"13":0,"14":0,"15":0,"16":0,"17":0,"18":0,"19":0,"20":0,"21":0},"f":{"0":0},"b":{"0":[0,0]}}
,"D:\\projects\\plot-pals\\backend\\errorHandler.js": {"path":"D:\\projects\\plot-pals\\backend\\errorHandler.js","statementMap":{"0":{"start":{"line":1,"column":24},"end":{"line":1,"column":52}},"1":{"start":{"line":5,"column":21},"end":{"line":9,"column":1}},"2":{"start":{"line":6,"column":2},"end":{"line":6,"column":21}},"3":{"start":{"line":7,"column":17},"end":{"line":7,"column":66}},"4":{"start":{"line":8,"column":2},"end":{"line":8,"column":59}},"5":{"start":{"line":11,"column":0},"end":{"line":11,"column":30}}},"fnMap":{"0":{"name":"(anonymous_0)","decl":{"start":{"line":5,"column":21},"end":{"line":5,"column":22}},"loc":{"start":{"line":5,"column":42},"end":{"line":9,"column":1}},"line":5}},"branchMap":{"0":{"loc":{"start":{"line":7,"column":17},"end":{"line":7,"column":66}},"type":"binary-expr","locations":[{"start":{"line":7,"column":17},"end":{"line":7,"column":29}},{"start":{"line":7,"column":33},"end":{"line":7,"column":66}}],"line":7}},"s":{"0":1,"1":1,"2":2,"3":2,"4":2,"5":1},"f":{"0":2},"b":{"0":[2,1]},"_coverageSchema":"1a1c01bbd47fc00a2c39e90264f33305004495a9","hash":"ca9ecc453135d49f026c276b74e7f791ef8c2d94"}
,"D:\\projects\\plot-pals\\backend\\controllers\\adminProfilesController.js": {"path":"D:\\projects\\plot-pals\\backend\\controllers\\adminProfilesController.js","statementMap":{"0":{"start":{"line":1,"column":21},"end":{"line":1,"column":43}},"1":{"start":{"line":2,"column":24},"end":{"line":2,"column":52}},"2":{"start":{"line":4,"column":28},"end":{"line":14,"column":1}},"3":{"start":{"line":5,"column":24},"end":{"line":5,"column":33}},"4":{"start":{"line":6,"column":14},"end":{"line":6,"column":100}},"5":{"start":{"line":8,"column":2},"end":{"line":13,"column":3}},"6":{"start":{"line":9,"column":25},"end":{"line":9,"column":82}},"7":{"start":{"line":10,"column":4},"end":{"line":10,"column":70}},"8":{"start":{"line":12,"column":4},"end":{"line":12,"column":21}},"9":{"start":{"line":16,"column":0},"end":{"line":16,"column":41}}},"fnMap":{"0":{"name":"(anonymous_0)","decl":{"start":{"line":4,"column":28},"end":{"line":4,"column":29}},"loc":{"start":{"line":4,"column":54},"end":{"line":14,"column":1}},"line":4}},"branchMap":{"0":{"loc":{"start":{"line":6,"column":14},"end":{"line":6,"column":100}},"type":"cond-expr","locations":[{"start":{"line":6,"column":26},"end":{"line":6,"column":67}},{"start":{"line":6,"column":70},"end":{"line":6,"column":100}}],"line":6},"1":{"loc":{"start":{"line":9,"column":51},"end":{"line":9,"column":81}},"type":"cond-expr","locations":[{"start":{"line":9,"column":63},"end":{"line":9,"column":74}},{"start":{"line":9,"column":77},"end":{"line":9,"column":81}}],"line":9}},"s":{"0":1,"1":1,"2":1,"3":3,"4":3,"5":3,"6":3,"7":2,"8":1,"9":1},"f":{"0":3},"b":{"0":[2,1],"1":[2,1]},"_coverageSchema":"1a1c01bbd47fc00a2c39e90264f33305004495a9","hash":"93348294dae2e6a3c643074ddae32541be331327"}
,"D:\\projects\\plot-pals\\backend\\controllers\\gardensController.js": {"path":"D:\\projects\\plot-pals\\backend\\controllers\\gardensController.js","statementMap":{"0":{"start":{"line":1,"column":24},"end":{"line":1,"column":52}},"1":{"start":{"line":2,"column":21},"end":{"line":2,"column":43}},"2":{"start":{"line":3,"column":14},"end":{"line":3,"column":30}},"3":{"start":{"line":4,"column":0},"end":{"line":4,"column":27}},"4":{"start":{"line":6,"column":22},"end":{"line":26,"column":1}},"5":{"start":{"line":7,"column":35},"end":{"line":7,"column":44}},"6":{"start":{"line":9,"column":34},"end":{"line":9,"column":36}},"7":{"start":{"line":11,"column":2},"end":{"line":15,"column":3}},"8":{"start":{"line":12,"column":4},"end":{"line":12,"column":65}},"9":{"start":{"line":13,"column":9},"end":{"line":15,"column":3}},"10":{"start":{"line":14,"column":4},"end":{"line":14,"column":66}},"11":{"start":{"line":16,"column":14},"end":{"line":18,"column":179}},"12":{"start":{"line":20,"column":2},"end":{"line":25,"column":3}},"13":{"start":{"line":21,"column":25},"end":{"line":21,"column":80}},"14":{"start":{"line":22,"column":4},"end":{"line":22,"column":70}},"15":{"start":{"line":24,"column":4},"end":{"line":24,"column":21}},"16":{"start":{"line":28,"column":36},"end":{"line":46,"column":1}},"17":{"start":{"line":29,"column":25},"end":{"line":29,"column":34}},"18":{"start":{"line":30,"column":34},"end":{"line":30,"column":36}},"19":{"start":{"line":32,"column":2},"end":{"line":36,"column":3}},"20":{"start":{"line":33,"column":4},"end":{"line":33,"column":64}},"21":{"start":{"line":34,"column":9},"end":{"line":36,"column":3}},"22":{"start":{"line":35,"column":4},"end":{"line":35,"column":65}},"23":{"start":{"line":38,"column":14},"end":{"line":38,"column":308}},"24":{"start":{"line":40,"column":2},"end":{"line":45,"column":3}},"25":{"start":{"line":41,"column":25},"end":{"line":41,"column":64}},"26":{"start":{"line":42,"column":4},"end":{"line":42,"column":47}},"27":{"start":{"line":44,"column":4},"end":{"line":44,"column":21}},"28":{"start":{"line":48,"column":21},"end":{"line":94,"column":1}},"29":{"start":{"line":49,"column":23},"end":{"line":49,"column":33}},"30":{"start":{"line":50,"column":32},"end":{"line":60,"column":3}},"31":{"start":{"line":62,"column":12},"end":{"line":62,"column":33}},"32":{"start":{"line":63,"column":19},"end":{"line":63,"column":21}},"33":{"start":{"line":64,"column":20},"end":{"line":64,"column":21}},"34":{"start":{"line":67,"column":2},"end":{"line":73,"column":3}},"35":{"start":{"line":68,"column":4},"end":{"line":72,"column":5}},"36":{"start":{"line":69,"column":6},"end":{"line":69,"column":28}},"37":{"start":{"line":70,"column":6},"end":{"line":70,"column":37}},"38":{"start":{"line":71,"column":6},"end":{"line":71,"column":23}},"39":{"start":{"line":75,"column":2},"end":{"line":79,"column":3}},"40":{"start":{"line":76,"column":16},"end":{"line":76,"column":61}},"41":{"start":{"line":77,"column":4},"end":{"line":77,"column":41}},"42":{"start":{"line":78,"column":4},"end":{"line":78,"column":21}},"43":{"start":{"line":82,"column":2},"end":{"line":82,"column":37}},"44":{"start":{"line":85,"column":2},"end":{"line":85,"column":23}},"45":{"start":{"line":86,"column":2},"end":{"line":86,"column":26}},"46":{"start":{"line":88,"column":2},"end":{"line":93,"column":3}},"47":{"start":{"line":89,"column":25},"end":{"line":89,"column":60}},"48":{"start":{"line":90,"column":4},"end":{"line":90,"column":67}},"49":{"start":{"line":92,"column":4},"end":{"line":92,"column":21}},"50":{"start":{"line":96,"column":32},"end":{"line":158,"column":1}},"51":{"start":{"line":97,"column":79},"end":{"line":97,"column":87}},"52":{"start":{"line":99,"column":2},"end":{"line":99,"column":26}},"53":{"start":{"line":101,"column":12},"end":{"line":101,"column":13}},"54":{"start":{"line":102,"column":13},"end":{"line":102,"column":14}},"55":{"start":{"line":105,"column":2},"end":{"line":117,"column":3}},"56":{"start":{"line":106,"column":20},"end":{"line":111,"column":6}},"57":{"start":{"line":112,"column":4},"end":{"line":112,"column":56}},"58":{"start":{"line":113,"column":4},"end":{"line":113,"column":57}},"59":{"start":{"line":115,"column":4},"end":{"line":115,"column":23}},"60":{"start":{"line":116,"column":4},"end":{"line":116,"column":23}},"61":{"start":{"line":119,"column":2},"end":{"line":138,"column":3}},"62":{"start":{"line":120,"column":29},"end":{"line":122,"column":44}},"63":{"start":{"line":123,"column":4},"end":{"line":134,"column":7}},"64":{"start":{"line":136,"column":4},"end":{"line":136,"column":21}},"65":{"start":{"line":137,"column":4},"end":{"line":137,"column":21}},"66":{"start":{"line":140,"column":2},"end":{"line":148,"column":3}},"67":{"start":{"line":141,"column":20},"end":{"line":141,"column":92}},"68":{"start":{"line":142,"column":25},"end":{"line":142,"column":68}},"69":{"start":{"line":143,"column":4},"end":{"line":143,"column":37}},"70":{"start":{"line":144,"column":4},"end":{"line":144,"column":26}},"71":{"start":{"line":146,"column":4},"end":{"line":146,"column":21}},"72":{"start":{"line":147,"column":4},"end":{"line":147,"column":21}},"73":{"start":{"line":150,"column":2},"end":{"line":157,"column":3}},"74":{"start":{"line":151,"column":30},"end":{"line":151,"column":97}},"75":{"start":{"line":152,"column":23},"end":{"line":152,"column":89}},"76":{"start":{"line":153,"column":4},"end":{"line":153,"column":65}},"77":{"start":{"line":155,"column":4},"end":{"line":155,"column":21}},"78":{"start":{"line":156,"column":4},"end":{"line":156,"column":21}},"79":{"start":{"line":160,"column":0},"end":{"line":165,"column":2}}},"fnMap":{"0":{"name":"(anonymous_0)","decl":{"start":{"line":6,"column":22},"end":{"line":6,"column":23}},"loc":{"start":{"line":6,"column":48},"end":{"line":26,"column":1}},"line":6},"1":{"name":"(anonymous_1)","decl":{"start":{"line":28,"column":36},"end":{"line":28,"column":37}},"loc":{"start":{"line":28,"column":62},"end":{"line":46,"column":1}},"line":28},"2":{"name":"(anonymous_2)","decl":{"start":{"line":48,"column":21},"end":{"line":48,"column":22}},"loc":{"start":{"line":48,"column":47},"end":{"line":94,"column":1}},"line":48},"3":{"name":"(anonymous_3)","decl":{"start":{"line":96,"column":32},"end":{"line":96,"column":33}},"loc":{"start":{"line":96,"column":58},"end":{"line":158,"column":1}},"line":96}},"branchMap":{"0":{"loc":{"start":{"line":11,"column":2},"end":{"line":15,"column":3}},"type":"if","locations":[{"start":{"line":11,"column":2},"end":{"line":15,"column":3}},{"start":{"line":13,"column":9},"end":{"line":15,"column":3}}],"line":11},"1":{"loc":{"start":{"line":13,"column":9},"end":{"line":15,"column":3}},"type":"if","locations":[{"start":{"line":13,"column":9},"end":{"line":15,"column":3}},{"start":{},"end":{}}],"line":13},"2":{"loc":{"start":{"line":16,"column":14},"end":{"line":18,"column":179}},"type":"cond-expr","locations":[{"start":{"line":17,"column":6},"end":{"line":17,"column":198}},{"start":{"line":18,"column":6},"end":{"line":18,"column":179}}],"line":16},"3":{"loc":{"start":{"line":21,"column":51},"end":{"line":21,"column":79}},"type":"cond-expr","locations":[{"start":{"line":21,"column":62},"end":{"line":21,"column":72}},{"start":{"line":21,"column":75},"end":{"line":21,"column":79}}],"line":21},"4":{"loc":{"start":{"line":32,"column":2},"end":{"line":36,"column":3}},"type":"if","locations":[{"start":{"line":32,"column":2},"end":{"line":36,"column":3}},{"start":{"line":34,"column":9},"end":{"line":36,"column":3}}],"line":32},"5":{"loc":{"start":{"line":34,"column":9},"end":{"line":36,"column":3}},"type":"if","locations":[{"start":{"line":34,"column":9},"end":{"line":36,"column":3}},{"start":{},"end":{}}],"line":34},"6":{"loc":{"start":{"line":68,"column":4},"end":{"line":72,"column":5}},"type":"if","locations":[{"start":{"line":68,"column":4},"end":{"line":72,"column":5}},{"start":{},"end":{}}],"line":68},"7":{"loc":{"start":{"line":75,"column":2},"end":{"line":79,"column":3}},"type":"if","locations":[{"start":{"line":75,"column":2},"end":{"line":79,"column":3}},{"start":{},"end":{}}],"line":75}},"s":{"0":1,"1":1,"2":1,"3":1,"4":1,"5":4,"6":4,"7":4,"8":1,"9":3,"10":1,"11":4,"12":4,"13":4,"14":4,"15":0,"16":1,"17":0,"18":0,"19":0,"20":0,"21":0,"22":0,"23":0,"24":0,"25":0,"26":0,"27":0,"28":1,"29":0,"30":0,"31":0,"32":0,"33":0,"34":0,"35":0,"36":0,"37":0,"38":0,"39":0,"40":0,"41":0,"42":0,"43":0,"44":0,"45":0,"46":0,"47":0,"48":0,"49":0,"50":1,"51":0,"52":0,"53":0,"54":0,"55":0,"56":0,"57":0,"58":0,"59":0,"60":0,"61":0,"62":0,"63":0,"64":0,"65":0,"66":0,"67":0,"68":0,"69":0,"70":0,"71":0,"72":0,"73":0,"74":0,"75":0,"76":0,"77":0,"78":0,"79":1},"f":{"0":4,"1":0,"2":0,"3":0},"b":{"0":[1,3],"1":[1,2],"2":[1,3],"3":[1,3],"4":[0,0],"5":[0,0],"6":[0,0],"7":[0,0]},"_coverageSchema":"1a1c01bbd47fc00a2c39e90264f33305004495a9","hash":"5699896bfa9f889f37e64876f02b1830ab4ed76c"}
,"D:\\projects\\plot-pals\\backend\\controllers\\plotsController.js": {"path":"D:\\projects\\plot-pals\\backend\\controllers\\plotsController.js","statementMap":{"0":{"start":{"line":1,"column":21},"end":{"line":1,"column":43}},"1":{"start":{"line":3,"column":20},"end":{"line":29,"column":1}},"2":{"start":{"line":4,"column":36},"end":{"line":4,"column":45}},"3":{"start":{"line":6,"column":19},"end":{"line":6,"column":21}},"4":{"start":{"line":7,"column":26},"end":{"line":7,"column":28}},"5":{"start":{"line":9,"column":2},"end":{"line":12,"column":3}},"6":{"start":{"line":10,"column":4},"end":{"line":10,"column":28}},"7":{"start":{"line":11,"column":4},"end":{"line":11,"column":51}},"8":{"start":{"line":14,"column":2},"end":{"line":17,"column":3}},"9":{"start":{"line":15,"column":4},"end":{"line":15,"column":31}},"10":{"start":{"line":16,"column":4},"end":{"line":16,"column":54}},"11":{"start":{"line":19,"column":14},"end":{"line":21,"column":92}},"12":{"start":{"line":23,"column":2},"end":{"line":28,"column":3}},"13":{"start":{"line":24,"column":25},"end":{"line":24,"column":60}},"14":{"start":{"line":25,"column":4},"end":{"line":25,"column":47}},"15":{"start":{"line":27,"column":4},"end":{"line":27,"column":21}},"16":{"start":{"line":31,"column":26},"end":{"line":66,"column":1}},"17":{"start":{"line":32,"column":36},"end":{"line":32,"column":44}},"18":{"start":{"line":33,"column":12},"end":{"line":40,"column":5}},"19":{"start":{"line":41,"column":2},"end":{"line":49,"column":3}},"20":{"start":{"line":42,"column":27},"end":{"line":42,"column":77}},"21":{"start":{"line":44,"column":4},"end":{"line":46,"column":5}},"22":{"start":{"line":45,"column":6},"end":{"line":45,"column":42}},"23":{"start":{"line":48,"column":4},"end":{"line":48,"column":21}},"24":{"start":{"line":51,"column":2},"end":{"line":54,"column":41}},"25":{"start":{"line":55,"column":2},"end":{"line":63,"column":3}},"26":{"start":{"line":56,"column":27},"end":{"line":56,"column":77}},"27":{"start":{"line":58,"column":4},"end":{"line":60,"column":5}},"28":{"start":{"line":59,"column":6},"end":{"line":59,"column":42}},"29":{"start":{"line":62,"column":4},"end":{"line":62,"column":21}},"30":{"start":{"line":65,"column":2},"end":{"line":65,"column":37}},"31":{"start":{"line":68,"column":19},"end":{"line":131,"column":1}},"32":{"start":{"line":69,"column":21},"end":{"line":69,"column":31}},"33":{"start":{"line":75,"column":12},"end":{"line":76,"column":36}},"34":{"start":{"line":77,"column":2},"end":{"line":83,"column":3}},"35":{"start":{"line":78,"column":27},"end":{"line":78,"column":62}},"36":{"start":{"line":79,"column":4},"end":{"line":79,"column":51}},"37":{"start":{"line":80,"column":4},"end":{"line":80,"column":45}},"38":{"start":{"line":82,"column":4},"end":{"line":82,"column":21}},"39":{"start":{"line":86,"column":2},"end":{"line":89,"column":41}},"40":{"start":{"line":90,"column":2},"end":{"line":98,"column":3}},"41":{"start":{"line":91,"column":27},"end":{"line":91,"column":77}},"42":{"start":{"line":93,"column":4},"end":{"line":95,"column":5}},"43":{"start":{"line":94,"column":6},"end":{"line":94,"column":42}},"44":{"start":{"line":97,"column":4},"end":{"line":97,"column":21}},"45":{"start":{"line":101,"column":2},"end":{"line":103,"column":46}},"46":{"start":{"line":104,"column":2},"end":{"line":108,"column":3}},"47":{"start":{"line":105,"column":4},"end":{"line":105,"column":55}},"48":{"start":{"line":107,"column":4},"end":{"line":107,"column":21}},"49":{"start":{"line":111,"column":2},"end":{"line":113,"column":21}},"50":{"start":{"line":114,"column":2},"end":{"line":118,"column":3}},"51":{"start":{"line":115,"column":4},"end":{"line":115,"column":40}},"52":{"start":{"line":117,"column":4},"end":{"line":117,"column":21}},"53":{"start":{"line":121,"column":2},"end":{"line":123,"column":17}},"54":{"start":{"line":124,"column":2},"end":{"line":128,"column":3}},"55":{"start":{"line":125,"column":4},"end":{"line":125,"column":40}},"56":{"start":{"line":127,"column":4},"end":{"line":127,"column":21}},"57":{"start":{"line":130,"column":2},"end":{"line":130,"column":37}},"58":{"start":{"line":133,"column":0},"end":{"line":137,"column":2}}},"fnMap":{"0":{"name":"(anonymous_0)","decl":{"start":{"line":3,"column":20},"end":{"line":3,"column":21}},"loc":{"start":{"line":3,"column":46},"end":{"line":29,"column":1}},"line":3},"1":{"name":"(anonymous_1)","decl":{"start":{"line":31,"column":26},"end":{"line":31,"column":27}},"loc":{"start":{"line":31,"column":52},"end":{"line":66,"column":1}},"line":31},"2":{"name":"(anonymous_2)","decl":{"start":{"line":68,"column":19},"end":{"line":68,"column":20}},"loc":{"start":{"line":68,"column":45},"end":{"line":131,"column":1}},"line":68}},"branchMap":{"0":{"loc":{"start":{"line":9,"column":2},"end":{"line":12,"column":3}},"type":"if","locations":[{"start":{"line":9,"column":2},"end":{"line":12,"column":3}},{"start":{},"end":{}}],"line":9},"1":{"loc":{"start":{"line":14,"column":2},"end":{"line":17,"column":3}},"type":"if","locations":[{"start":{"line":14,"column":2},"end":{"line":17,"column":3}},{"start":{},"end":{}}],"line":14},"2":{"loc":{"start":{"line":44,"column":4},"end":{"line":46,"column":5}},"type":"if","locations":[{"start":{"line":44,"column":4},"end":{"line":46,"column":5}},{"start":{},"end":{}}],"line":44},"3":{"loc":{"start":{"line":58,"column":4},"end":{"line":60,"column":5}},"type":"if","locations":[{"start":{"line":58,"column":4},"end":{"line":60,"column":5}},{"start":{},"end":{}}],"line":58},"4":{"loc":{"start":{"line":93,"column":4},"end":{"line":95,"column":5}},"type":"if","locations":[{"start":{"line":93,"column":4},"end":{"line":95,"column":5}},{"start":{},"end":{}}],"line":93}},"s":{"0":0,"1":0,"2":0,"3":0,"4":0,"5":0,"6":0,"7":0,"8":0,"9":0,"10":0,"11":0,"12":0,"13":0,"14":0,"15":0,"16":0,"17":0,"18":0,"19":0,"20":0,"21":0,"22":0,"23":0,"24":0,"25":0,"26":0,"27":0,"28":0,"29":0,"30":0,"31":0,"32":0,"33":0,"34":0,"35":0,"36":0,"37":0,"38":0,"39":0,"40":0,"41":0,"42":0,"43":0,"44":0,"45":0,"46":0,"47":0,"48":0,"49":0,"50":0,"51":0,"52":0,"53":0,"54":0,"55":0,"56":0,"57":0,"58":0},"f":{"0":0,"1":0,"2":0},"b":{"0":[0,0],"1":[0,0],"2":[0,0],"3":[0,0],"4":[0,0]}}
,"D:\\projects\\plot-pals\\backend\\controllers\\postsAndtasksController.js": {"path":"D:\\projects\\plot-pals\\backend\\controllers\\postsAndtasksController.js","statementMap":{"0":{"start":{"line":1,"column":21},"end":{"line":1,"column":43}},"1":{"start":{"line":3,"column":20},"end":{"line":19,"column":1}},"2":{"start":{"line":4,"column":12},"end":{"line":11,"column":25}},"3":{"start":{"line":13,"column":2},"end":{"line":18,"column":3}},"4":{"start":{"line":14,"column":25},"end":{"line":14,"column":50}},"5":{"start":{"line":15,"column":4},"end":{"line":15,"column":47}},"6":{"start":{"line":17,"column":4},"end":{"line":17,"column":21}},"7":{"start":{"line":21,"column":28},"end":{"line":51,"column":1}},"8":{"start":{"line":22,"column":31},"end":{"line":22,"column":40}},"9":{"start":{"line":23,"column":19},"end":{"line":23,"column":21}},"10":{"start":{"line":24,"column":32},"end":{"line":24,"column":34}},"11":{"start":{"line":26,"column":2},"end":{"line":29,"column":3}},"12":{"start":{"line":27,"column":4},"end":{"line":27,"column":28}},"13":{"start":{"line":28,"column":4},"end":{"line":28,"column":61}},"14":{"start":{"line":31,"column":2},"end":{"line":34,"column":3}},"15":{"start":{"line":32,"column":4},"end":{"line":32,"column":26}},"16":{"start":{"line":33,"column":4},"end":{"line":33,"column":51}},"17":{"start":{"line":36,"column":14},"end":{"line":43,"column":27}},"18":{"start":{"line":45,"column":2},"end":{"line":50,"column":3}},"19":{"start":{"line":46,"column":25},"end":{"line":46,"column":60}},"20":{"start":{"line":47,"column":4},"end":{"line":47,"column":47}},"21":{"start":{"line":49,"column":4},"end":{"line":49,"column":21}},"22":{"start":{"line":53,"column":40},"end":{"line":94,"column":1}},"23":{"start":{"line":54,"column":21},"end":{"line":54,"column":30}},"24":{"start":{"line":57,"column":12},"end":{"line":64,"column":25}},"25":{"start":{"line":65,"column":17},"end":{"line":65,"column":41}},"26":{"start":{"line":66,"column":2},"end":{"line":86,"column":3}},"27":{"start":{"line":67,"column":4},"end":{"line":74,"column":26}},"28":{"start":{"line":75,"column":4},"end":{"line":75,"column":28}},"29":{"start":{"line":76,"column":9},"end":{"line":86,"column":3}},"30":{"start":{"line":77,"column":4},"end":{"line":84,"column":28}},"31":{"start":{"line":85,"column":4},"end":{"line":85,"column":28}},"32":{"start":{"line":88,"column":2},"end":{"line":93,"column":3}},"33":{"start":{"line":89,"column":25},"end":{"line":89,"column":60}},"34":{"start":{"line":90,"column":4},"end":{"line":90,"column":47}},"35":{"start":{"line":92,"column":4},"end":{"line":92,"column":21}},"36":{"start":{"line":96,"column":50},"end":{"line":138,"column":1}},"37":{"start":{"line":97,"column":21},"end":{"line":97,"column":30}},"38":{"start":{"line":98,"column":23},"end":{"line":98,"column":33}},"39":{"start":{"line":101,"column":12},"end":{"line":108,"column":27}},"40":{"start":{"line":109,"column":17},"end":{"line":109,"column":51}},"41":{"start":{"line":110,"column":2},"end":{"line":130,"column":3}},"42":{"start":{"line":111,"column":4},"end":{"line":118,"column":28}},"43":{"start":{"line":119,"column":4},"end":{"line":119,"column":38}},"44":{"start":{"line":120,"column":9},"end":{"line":130,"column":3}},"45":{"start":{"line":121,"column":4},"end":{"line":128,"column":28}},"46":{"start":{"line":129,"column":4},"end":{"line":129,"column":38}},"47":{"start":{"line":132,"column":2},"end":{"line":137,"column":3}},"48":{"start":{"line":133,"column":25},"end":{"line":133,"column":60}},"49":{"start":{"line":134,"column":4},"end":{"line":134,"column":47}},"50":{"start":{"line":136,"column":4},"end":{"line":136,"column":21}},"51":{"start":{"line":140,"column":19},"end":{"line":225,"column":1}},"52":{"start":{"line":141,"column":86},"end":{"line":141,"column":94}},"53":{"start":{"line":142,"column":23},"end":{"line":142,"column":32}},"54":{"start":{"line":149,"column":2},"end":{"line":156,"column":3}},"55":{"start":{"line":150,"column":31},"end":{"line":150,"column":89}},"56":{"start":{"line":151,"column":25},"end":{"line":151,"column":89}},"57":{"start":{"line":152,"column":4},"end":{"line":152,"column":47}},"58":{"start":{"line":154,"column":4},"end":{"line":154,"column":21}},"59":{"start":{"line":155,"column":4},"end":{"line":155,"column":21}},"60":{"start":{"line":158,"column":2},"end":{"line":158,"column":49}},"61":{"start":{"line":160,"column":2},"end":{"line":171,"column":3}},"62":{"start":{"line":161,"column":4},"end":{"line":161,"column":18}},"63":{"start":{"line":163,"column":4},"end":{"line":170,"column":5}},"64":{"start":{"line":164,"column":28},"end":{"line":164,"column":101}},"65":{"start":{"line":165,"column":27},"end":{"line":165,"column":86}},"66":{"start":{"line":166,"column":6},"end":{"line":166,"column":37}},"67":{"start":{"line":168,"column":6},"end":{"line":168,"column":23}},"68":{"start":{"line":169,"column":6},"end":{"line":169,"column":23}},"69":{"start":{"line":173,"column":2},"end":{"line":173,"column":35}},"70":{"start":{"line":176,"column":14},"end":{"line":176,"column":42}},"71":{"start":{"line":177,"column":12},"end":{"line":177,"column":40}},"72":{"start":{"line":178,"column":13},"end":{"line":178,"column":41}},"73":{"start":{"line":179,"column":21},"end":{"line":179,"column":65}},"74":{"start":{"line":181,"column":2},"end":{"line":181,"column":47}},"75":{"start":{"line":183,"column":2},"end":{"line":203,"column":3}},"76":{"start":{"line":184,"column":26},"end":{"line":187,"column":42}},"77":{"start":{"line":188,"column":4},"end":{"line":199,"column":7}},"78":{"start":{"line":201,"column":4},"end":{"line":201,"column":21}},"79":{"start":{"line":202,"column":4},"end":{"line":202,"column":21}},"80":{"start":{"line":205,"column":2},"end":{"line":212,"column":3}},"81":{"start":{"line":206,"column":25},"end":{"line":206,"column":51}},"82":{"start":{"line":207,"column":25},"end":{"line":207,"column":59}},"83":{"start":{"line":208,"column":4},"end":{"line":208,"column":55}},"84":{"start":{"line":210,"column":4},"end":{"line":210,"column":21}},"85":{"start":{"line":211,"column":4},"end":{"line":211,"column":21}},"86":{"start":{"line":214,"column":2},"end":{"line":214,"column":25}},"87":{"start":{"line":216,"column":2},"end":{"line":224,"column":3}},"88":{"start":{"line":217,"column":26},"end":{"line":218,"column":27}},"89":{"start":{"line":219,"column":23},"end":{"line":219,"column":114}},"90":{"start":{"line":220,"column":4},"end":{"line":220,"column":65}},"91":{"start":{"line":222,"column":4},"end":{"line":222,"column":21}},"92":{"start":{"line":223,"column":4},"end":{"line":223,"column":21}},"93":{"start":{"line":227,"column":19},"end":{"line":240,"column":1}},"94":{"start":{"line":228,"column":34},"end":{"line":228,"column":42}},"95":{"start":{"line":229,"column":23},"end":{"line":229,"column":32}},"96":{"start":{"line":231,"column":2},"end":{"line":239,"column":3}},"97":{"start":{"line":232,"column":26},"end":{"line":233,"column":27}},"98":{"start":{"line":234,"column":23},"end":{"line":234,"column":109}},"99":{"start":{"line":235,"column":4},"end":{"line":235,"column":65}},"100":{"start":{"line":237,"column":4},"end":{"line":237,"column":21}},"101":{"start":{"line":238,"column":4},"end":{"line":238,"column":21}},"102":{"start":{"line":242,"column":18},"end":{"line":255,"column":1}},"103":{"start":{"line":243,"column":21},"end":{"line":243,"column":30}},"104":{"start":{"line":246,"column":2},"end":{"line":254,"column":3}},"105":{"start":{"line":247,"column":25},"end":{"line":248,"column":72}},"106":{"start":{"line":249,"column":25},"end":{"line":249,"column":81}},"107":{"start":{"line":250,"column":4},"end":{"line":250,"column":67}},"108":{"start":{"line":252,"column":4},"end":{"line":252,"column":21}},"109":{"start":{"line":253,"column":4},"end":{"line":253,"column":21}},"110":{"start":{"line":257,"column":21},"end":{"line":271,"column":1}},"111":{"start":{"line":258,"column":21},"end":{"line":258,"column":30}},"112":{"start":{"line":262,"column":2},"end":{"line":270,"column":3}},"113":{"start":{"line":263,"column":28},"end":{"line":264,"column":92}},"114":{"start":{"line":265,"column":25},"end":{"line":265,"column":84}},"115":{"start":{"line":266,"column":4},"end":{"line":266,"column":67}},"116":{"start":{"line":268,"column":4},"end":{"line":268,"column":21}},"117":{"start":{"line":269,"column":4},"end":{"line":269,"column":21}},"118":{"start":{"line":273,"column":0},"end":{"line":282,"column":2}}},"fnMap":{"0":{"name":"(anonymous_0)","decl":{"start":{"line":3,"column":20},"end":{"line":3,"column":21}},"loc":{"start":{"line":3,"column":46},"end":{"line":19,"column":1}},"line":3},"1":{"name":"(anonymous_1)","decl":{"start":{"line":21,"column":28},"end":{"line":21,"column":29}},"loc":{"start":{"line":21,"column":54},"end":{"line":51,"column":1}},"line":21},"2":{"name":"(anonymous_2)","decl":{"start":{"line":53,"column":40},"end":{"line":53,"column":41}},"loc":{"start":{"line":53,"column":66},"end":{"line":94,"column":1}},"line":53},"3":{"name":"(anonymous_3)","decl":{"start":{"line":96,"column":50},"end":{"line":96,"column":51}},"loc":{"start":{"line":96,"column":76},"end":{"line":138,"column":1}},"line":96},"4":{"name":"(anonymous_4)","decl":{"start":{"line":140,"column":19},"end":{"line":140,"column":20}},"loc":{"start":{"line":140,"column":45},"end":{"line":225,"column":1}},"line":140},"5":{"name":"(anonymous_5)","decl":{"start":{"line":227,"column":19},"end":{"line":227,"column":20}},"loc":{"start":{"line":227,"column":45},"end":{"line":240,"column":1}},"line":227},"6":{"name":"(anonymous_6)","decl":{"start":{"line":242,"column":18},"end":{"line":242,"column":19}},"loc":{"start":{"line":242,"column":44},"end":{"line":255,"column":1}},"line":242},"7":{"name":"(anonymous_7)","decl":{"start":{"line":257,"column":21},"end":{"line":257,"column":22}},"loc":{"start":{"line":257,"column":47},"end":{"line":271,"column":1}},"line":257}},"branchMap":{"0":{"loc":{"start":{"line":26,"column":2},"end":{"line":29,"column":3}},"type":"if","locations":[{"start":{"line":26,"column":2},"end":{"line":29,"column":3}},{"start":{},"end":{}}],"line":26},"1":{"loc":{"start":{"line":31,"column":2},"end":{"line":34,"column":3}},"type":"if","locations":[{"start":{"line":31,"column":2},"end":{"line":34,"column":3}},{"start":{},"end":{}}],"line":31},"2":{"loc":{"start":{"line":66,"column":2},"end":{"line":86,"column":3}},"type":"if","locations":[{"start":{"line":66,"column":2},"end":{"line":86,"column":3}},{"start":{"line":76,"column":9},"end":{"line":86,"column":3}}],"line":66},"3":{"loc":{"start":{"line":76,"column":9},"end":{"line":86,"column":3}},"type":"if","locations":[{"start":{"line":76,"column":9},"end":{"line":86,"column":3}},{"start":{},"end":{}}],"line":76},"4":{"loc":{"start":{"line":110,"column":2},"end":{"line":130,"column":3}},"type":"if","locations":[{"start":{"line":110,"column":2},"end":{"line":130,"column":3}},{"start":{"line":120,"column":9},"end":{"line":130,"column":3}}],"line":110},"5":{"loc":{"start":{"line":120,"column":9},"end":{"line":130,"column":3}},"type":"if","locations":[{"start":{"line":120,"column":9},"end":{"line":130,"column":3}},{"start":{},"end":{}}],"line":120},"6":{"loc":{"start":{"line":160,"column":2},"end":{"line":171,"column":3}},"type":"if","locations":[{"start":{"line":160,"column":2},"end":{"line":171,"column":3}},{"start":{"line":162,"column":9},"end":{"line":171,"column":3}}],"line":160}},"s":{"0":0,"1":0,"2":0,"3":0,"4":0,"5":0,"6":0,"7":0,"8":0,"9":0,"10":0,"11":0,"12":0,"13":0,"14":0,"15":0,"16":0,"17":0,"18":0,"19":0,"20":0,"21":0,"22":0,"23":0,"24":0,"25":0,"26":0,"27":0,"28":0,"29":0,"30":0,"31":0,"32":0,"33":0,"34":0,"35":0,"36":0,"37":0,"38":0,"39":0,"40":0,"41":0,"42":0,"43":0,"44":0,"45":0,"46":0,"47":0,"48":0,"49":0,"50":0,"51":0,"52":0,"53":0,"54":0,"55":0,"56":0,"57":0,"58":0,"59":0,"60":0,"61":0,"62":0,"63":0,"64":0,"65":0,"66":0,"67":0,"68":0,"69":0,"70":0,"71":0,"72":0,"73":0,"74":0,"75":0,"76":0,"77":0,"78":0,"79":0,"80":0,"81":0,"82":0,"83":0,"84":0,"85":0,"86":0,"87":0,"88":0,"89":0,"90":0,"91":0,"92":0,"93":0,"94":0,"95":0,"96":0,"97":0,"98":0,"99":0,"100":0,"101":0,"102":0,"103":0,"104":0,"105":0,"106":0,"107":0,"108":0,"109":0,"110":0,"111":0,"112":0,"113":0,"114":0,"115":0,"116":0,"117":0,"118":0},"f":{"0":0,"1":0,"2":0,"3":0,"4":0,"5":0,"6":0,"7":0},"b":{"0":[0,0],"1":[0,0],"2":[0,0],"3":[0,0],"4":[0,0],"5":[0,0],"6":[0,0]}}
,"D:\\projects\\plot-pals\\backend\\controllers\\profilesController.js": {"path":"D:\\projects\\plot-pals\\backend\\controllers\\profilesController.js","statementMap":{"0":{"start":{"line":1,"column":21},"end":{"line":1,"column":43}},"1":{"start":{"line":2,"column":44},"end":{"line":2,"column":75}},"2":{"start":{"line":4,"column":23},"end":{"line":16,"column":1}},"3":{"start":{"line":5,"column":24},"end":{"line":5,"column":33}},"4":{"start":{"line":6,"column":14},"end":{"line":6,"column":88}},"5":{"start":{"line":9,"column":2},"end":{"line":15,"column":3}},"6":{"start":{"line":10,"column":25},"end":{"line":10,"column":82}},"7":{"start":{"line":11,"column":4},"end":{"line":11,"column":47}},"8":{"start":{"line":14,"column":4},"end":{"line":14,"column":21}},"9":{"start":{"line":18,"column":53},"end":{"line":28,"column":1}},"10":{"start":{"line":19,"column":26},"end":{"line":19,"column":34}},"11":{"start":{"line":20,"column":14},"end":{"line":20,"column":60}},"12":{"start":{"line":22,"column":2},"end":{"line":27,"column":3}},"13":{"start":{"line":23,"column":25},"end":{"line":23,"column":77}},"14":{"start":{"line":24,"column":4},"end":{"line":24,"column":67}},"15":{"start":{"line":26,"column":4},"end":{"line":26,"column":21}},"16":{"start":{"line":30,"column":42},"end":{"line":39,"column":1}},"17":{"start":{"line":31,"column":26},"end":{"line":31,"column":34}},"18":{"start":{"line":32,"column":14},"end":{"line":32,"column":94}},"19":{"start":{"line":33,"column":2},"end":{"line":38,"column":3}},"20":{"start":{"line":34,"column":25},"end":{"line":34,"column":110}},"21":{"start":{"line":35,"column":4},"end":{"line":35,"column":67}},"22":{"start":{"line":37,"column":4},"end":{"line":37,"column":21}},"23":{"start":{"line":41,"column":23},"end":{"line":94,"column":1}},"24":{"start":{"line":42,"column":32},"end":{"line":42,"column":40}},"25":{"start":{"line":52,"column":2},"end":{"line":63,"column":3}},"26":{"start":{"line":53,"column":28},"end":{"line":53,"column":66}},"27":{"start":{"line":54,"column":25},"end":{"line":54,"column":72}},"28":{"start":{"line":55,"column":4},"end":{"line":55,"column":49}},"29":{"start":{"line":56,"column":4},"end":{"line":56,"column":45}},"30":{"start":{"line":57,"column":4},"end":{"line":57,"column":81}},"31":{"start":{"line":58,"column":4},"end":{"line":58,"column":55}},"32":{"start":{"line":59,"column":4},"end":{"line":60,"column":105}},"33":{"start":{"line":62,"column":4},"end":{"line":62,"column":21}},"34":{"start":{"line":66,"column":2},"end":{"line":72,"column":3}},"35":{"start":{"line":67,"column":29},"end":{"line":67,"column":71}},"36":{"start":{"line":68,"column":25},"end":{"line":68,"column":85}},"37":{"start":{"line":69,"column":4},"end":{"line":69,"column":42}},"38":{"start":{"line":71,"column":4},"end":{"line":71,"column":21}},"39":{"start":{"line":75,"column":2},"end":{"line":78,"column":4}},"40":{"start":{"line":79,"column":2},"end":{"line":85,"column":3}},"41":{"start":{"line":80,"column":31},"end":{"line":80,"column":76}},"42":{"start":{"line":81,"column":4},"end":{"line":81,"column":85}},"43":{"start":{"line":84,"column":4},"end":{"line":84,"column":21}},"44":{"start":{"line":87,"column":2},"end":{"line":93,"column":3}},"45":{"start":{"line":88,"column":36},"end":{"line":88,"column":121}},"46":{"start":{"line":89,"column":26},"end":{"line":89,"column":101}},"47":{"start":{"line":90,"column":4},"end":{"line":90,"column":68}},"48":{"start":{"line":92,"column":4},"end":{"line":92,"column":21}},"49":{"start":{"line":96,"column":0},"end":{"line":101,"column":2}}},"fnMap":{"0":{"name":"(anonymous_0)","decl":{"start":{"line":4,"column":23},"end":{"line":4,"column":24}},"loc":{"start":{"line":4,"column":49},"end":{"line":16,"column":1}},"line":4},"1":{"name":"(anonymous_1)","decl":{"start":{"line":18,"column":53},"end":{"line":18,"column":54}},"loc":{"start":{"line":18,"column":79},"end":{"line":28,"column":1}},"line":18},"2":{"name":"(anonymous_2)","decl":{"start":{"line":30,"column":42},"end":{"line":30,"column":43}},"loc":{"start":{"line":30,"column":68},"end":{"line":39,"column":1}},"line":30},"3":{"name":"(anonymous_3)","decl":{"start":{"line":41,"column":23},"end":{"line":41,"column":24}},"loc":{"start":{"line":41,"column":49},"end":{"line":94,"column":1}},"line":41}},"branchMap":{"0":{"loc":{"start":{"line":6,"column":14},"end":{"line":6,"column":88}},"type":"cond-expr","locations":[{"start":{"line":6,"column":26},"end":{"line":6,"column":61}},{"start":{"line":6,"column":64},"end":{"line":6,"column":88}}],"line":6},"1":{"loc":{"start":{"line":10,"column":51},"end":{"line":10,"column":81}},"type":"cond-expr","locations":[{"start":{"line":10,"column":63},"end":{"line":10,"column":74}},{"start":{"line":10,"column":77},"end":{"line":10,"column":81}}],"line":10}},"s":{"0":0,"1":0,"2":0,"3":0,"4":0,"5":0,"6":0,"7":0,"8":0,"9":0,"10":0,"11":0,"12":0,"13":0,"14":0,"15":0,"16":0,"17":0,"18":0,"19":0,"20":0,"21":0,"22":0,"23":0,"24":0,"25":0,"26":0,"27":0,"28":0,"29":0,"30":0,"31":0,"32":0,"33":0,"34":0,"35":0,"36":0,"37":0,"38":0,"39":0,"40":0,"41":0,"42":0,"43":0,"44":0,"45":0,"46":0,"47":0,"48":0,"49":0},"f":{"0":0,"1":0,"2":0,"3":0},"b":{"0":[0,0],"1":[0,0]}}
,"D:\\projects\\plot-pals\\backend\\controllers\\rolesController.js": {"path":"D:\\projects\\plot-pals\\backend\\controllers\\rolesController.js","statementMap":{"0":{"start":{"line":1,"column":21},"end":{"line":1,"column":43}},"1":{"start":{"line":3,"column":37},"end":{"line":13,"column":1}},"2":{"start":{"line":5,"column":4},"end":{"line":5,"column":115}},"3":{"start":{"line":7,"column":2},"end":{"line":12,"column":3}},"4":{"start":{"line":8,"column":25},"end":{"line":8,"column":64}},"5":{"start":{"line":9,"column":4},"end":{"line":9,"column":47}},"6":{"start":{"line":11,"column":4},"end":{"line":11,"column":21}},"7":{"start":{"line":15,"column":20},"end":{"line":27,"column":1}},"8":{"start":{"line":16,"column":23},"end":{"line":16,"column":32}},"9":{"start":{"line":17,"column":14},"end":{"line":19,"column":192}},"10":{"start":{"line":21,"column":2},"end":{"line":26,"column":3}},"11":{"start":{"line":22,"column":25},"end":{"line":22,"column":80}},"12":{"start":{"line":23,"column":4},"end":{"line":23,"column":47}},"13":{"start":{"line":25,"column":4},"end":{"line":25,"column":21}},"14":{"start":{"line":29,"column":16},"end":{"line":49,"column":1}},"15":{"start":{"line":30,"column":43},"end":{"line":30,"column":51}},"16":{"start":{"line":32,"column":14},"end":{"line":41,"column":5}},"17":{"start":{"line":43,"column":2},"end":{"line":48,"column":3}},"18":{"start":{"line":44,"column":25},"end":{"line":44,"column":82}},"19":{"start":{"line":45,"column":4},"end":{"line":45,"column":67}},"20":{"start":{"line":47,"column":4},"end":{"line":47,"column":21}},"21":{"start":{"line":51,"column":19},"end":{"line":63,"column":1}},"22":{"start":{"line":52,"column":34},"end":{"line":52,"column":44}},"23":{"start":{"line":53,"column":22},"end":{"line":53,"column":30}},"24":{"start":{"line":55,"column":14},"end":{"line":55,"column":75}},"25":{"start":{"line":57,"column":2},"end":{"line":62,"column":3}},"26":{"start":{"line":58,"column":25},"end":{"line":58,"column":82}},"27":{"start":{"line":59,"column":4},"end":{"line":59,"column":67}},"28":{"start":{"line":61,"column":4},"end":{"line":61,"column":21}},"29":{"start":{"line":65,"column":0},"end":{"line":70,"column":2}}},"fnMap":{"0":{"name":"(anonymous_0)","decl":{"start":{"line":3,"column":37},"end":{"line":3,"column":38}},"loc":{"start":{"line":3,"column":63},"end":{"line":13,"column":1}},"line":3},"1":{"name":"(anonymous_1)","decl":{"start":{"line":15,"column":20},"end":{"line":15,"column":21}},"loc":{"start":{"line":15,"column":46},"end":{"line":27,"column":1}},"line":15},"2":{"name":"(anonymous_2)","decl":{"start":{"line":29,"column":16},"end":{"line":29,"column":17}},"loc":{"start":{"line":29,"column":42},"end":{"line":49,"column":1}},"line":29},"3":{"name":"(anonymous_3)","decl":{"start":{"line":51,"column":19},"end":{"line":51,"column":20}},"loc":{"start":{"line":51,"column":45},"end":{"line":63,"column":1}},"line":51}},"branchMap":{"0":{"loc":{"start":{"line":17,"column":14},"end":{"line":19,"column":192}},"type":"cond-expr","locations":[{"start":{"line":18,"column":6},"end":{"line":18,"column":211}},{"start":{"line":19,"column":6},"end":{"line":19,"column":192}}],"line":17},"1":{"loc":{"start":{"line":22,"column":51},"end":{"line":22,"column":79}},"type":"cond-expr","locations":[{"start":{"line":22,"column":62},"end":{"line":22,"column":72}},{"start":{"line":22,"column":75},"end":{"line":22,"column":79}}],"line":22}},"s":{"0":0,"1":0,"2":0,"3":0,"4":0,"5":0,"6":0,"7":0,"8":0,"9":0,"10":0,"11":0,"12":0,"13":0,"14":0,"15":0,"16":0,"17":0,"18":0,"19":0,"20":0,"21":0,"22":0,"23":0,"24":0,"25":0,"26":0,"27":0,"28":0,"29":0},"f":{"0":0,"1":0,"2":0,"3":0},"b":{"0":[0,0],"1":[0,0]}}
}
