TN:
SF:authMiddleware.js
FN:6,(anonymous_0)
FNF:1
FNH:1
FNDA:3,(anonymous_0)
DA:1,1
DA:2,1
DA:3,1
DA:6,1
DA:7,3
DA:8,3
DA:11,3
DA:12,2
DA:14,1
DA:15,1
DA:16,1
DA:18,2
DA:19,2
DA:21,2
DA:25,1
DA:26,1
DA:28,1
DA:29,1
DA:30,1
DA:34,1
DA:35,1
DA:36,1
DA:40,1
LF:23
LH:23
BRDA:11,0,0,2
BRDA:11,0,1,1
BRF:2
BRH:2
end_of_record
TN:
SF:errorHandler.js
FN:5,(anonymous_0)
FNF:1
FNH:1
FNDA:2,(anonymous_0)
DA:1,1
DA:5,1
DA:6,2
DA:7,2
DA:8,2
DA:11,1
LF:6
LH:6
BRDA:7,0,0,2
BRDA:7,0,1,1
BRF:2
BRH:2
end_of_record
TN:
SF:controllers\adminProfilesController.js
FN:4,(anonymous_0)
FNF:1
FNH:1
FNDA:3,(anonymous_0)
DA:1,1
DA:2,1
DA:4,1
DA:5,3
DA:6,3
DA:8,3
DA:9,3
DA:10,2
DA:12,1
DA:16,1
LF:10
LH:10
BRDA:6,0,0,2
BRDA:6,0,1,1
BRDA:9,1,0,2
BRDA:9,1,1,1
BRF:4
BRH:4
end_of_record
TN:
SF:controllers\gardensController.js
FN:6,(anonymous_0)
FN:28,(anonymous_1)
FN:48,(anonymous_2)
FN:96,(anonymous_3)
FNF:4
FNH:4
FNDA:5,(anonymous_0)
FNDA:4,(anonymous_1)
FNDA:3,(anonymous_2)
FNDA:5,(anonymous_3)
DA:1,1
DA:2,1
DA:3,1
DA:4,1
DA:6,1
DA:7,5
DA:9,5
DA:11,5
DA:12,1
DA:13,4
DA:14,1
DA:16,5
DA:20,5
DA:21,5
DA:22,4
DA:24,1
DA:28,1
DA:29,4
DA:30,4
DA:32,4
DA:33,1
DA:34,3
DA:35,1
DA:38,4
DA:40,4
DA:41,4
DA:42,3
DA:44,1
DA:48,1
DA:49,3
DA:50,3
DA:62,3
DA:63,3
DA:64,3
DA:67,3
DA:68,27
DA:69,3
DA:70,3
DA:71,3
DA:75,3
DA:76,1
DA:77,1
DA:78,1
DA:82,2
DA:85,2
DA:86,2
DA:88,2
DA:89,2
DA:90,1
DA:92,1
DA:96,1
DA:97,5
DA:99,5
DA:100,5
DA:103,5
DA:104,5
DA:110,4
DA:111,4
DA:113,1
DA:116,4
DA:117,4
DA:118,4
DA:131,1
DA:134,3
DA:135,3
DA:136,3
DA:137,2
DA:139,1
DA:142,2
DA:143,2
DA:144,2
DA:145,1
DA:147,1
DA:151,1
LF:74
LH:74
BRDA:11,0,0,1
BRDA:11,0,1,4
BRDA:13,1,0,1
BRDA:13,1,1,3
BRDA:16,2,0,1
BRDA:16,2,1,4
BRDA:21,3,0,1
BRDA:21,3,1,4
BRDA:32,4,0,1
BRDA:32,4,1,3
BRDA:34,5,0,1
BRDA:34,5,1,2
BRDA:68,6,0,3
BRDA:68,6,1,24
BRDA:75,7,0,1
BRDA:75,7,1,2
BRF:16
BRH:16
end_of_record
TN:
SF:controllers\plotsController.js
FN:4,(anonymous_0)
FN:30,(anonymous_1)
FN:59,(anonymous_2)
FNF:3
FNH:3
FNDA:3,(anonymous_0)
FNDA:3,(anonymous_1)
FNDA:6,(anonymous_2)
DA:1,1
DA:2,1
DA:4,1
DA:5,3
DA:7,3
DA:8,3
DA:10,3
DA:11,2
DA:12,2
DA:15,3
DA:16,2
DA:17,2
DA:20,3
DA:22,3
DA:23,3
DA:24,2
DA:26,1
DA:30,1
DA:31,3
DA:32,3
DA:40,3
DA:41,3
DA:43,1
DA:46,2
DA:50,2
DA:51,2
DA:53,1
DA:56,1
DA:59,1
DA:60,6
DA:66,6
DA:68,6
DA:69,6
DA:70,5
DA:71,5
DA:73,1
DA:77,5
DA:81,5
DA:82,5
DA:84,1
DA:88,4
DA:91,4
DA:92,4
DA:94,1
DA:98,3
DA:101,3
DA:102,3
DA:104,1
DA:108,2
DA:111,2
DA:112,2
DA:114,1
DA:117,1
DA:120,1
LF:54
LH:54
BRDA:10,0,0,2
BRDA:10,0,1,1
BRDA:15,1,0,2
BRDA:15,1,1,1
BRF:4
BRH:4
end_of_record
TN:
SF:controllers\postsAndtasksController.js
FN:3,(anonymous_0)
FN:21,(anonymous_1)
FN:53,(anonymous_2)
FN:96,(anonymous_3)
FN:140,(anonymous_4)
FN:227,(anonymous_5)
FN:242,(anonymous_6)
FN:257,(anonymous_7)
FNF:8
FNH:0
FNDA:0,(anonymous_0)
FNDA:0,(anonymous_1)
FNDA:0,(anonymous_2)
FNDA:0,(anonymous_3)
FNDA:0,(anonymous_4)
FNDA:0,(anonymous_5)
FNDA:0,(anonymous_6)
FNDA:0,(anonymous_7)
DA:1,0
DA:3,0
DA:4,0
DA:13,0
DA:14,0
DA:15,0
DA:17,0
DA:21,0
DA:22,0
DA:23,0
DA:24,0
DA:26,0
DA:27,0
DA:28,0
DA:31,0
DA:32,0
DA:33,0
DA:36,0
DA:45,0
DA:46,0
DA:47,0
DA:49,0
DA:53,0
DA:54,0
DA:57,0
DA:65,0
DA:66,0
DA:67,0
DA:75,0
DA:76,0
DA:77,0
DA:85,0
DA:88,0
DA:89,0
DA:90,0
DA:92,0
DA:96,0
DA:97,0
DA:98,0
DA:101,0
DA:109,0
DA:110,0
DA:111,0
DA:119,0
DA:120,0
DA:121,0
DA:129,0
DA:132,0
DA:133,0
DA:134,0
DA:136,0
DA:140,0
DA:141,0
DA:142,0
DA:149,0
DA:150,0
DA:151,0
DA:152,0
DA:154,0
DA:155,0
DA:158,0
DA:160,0
DA:161,0
DA:163,0
DA:164,0
DA:165,0
DA:166,0
DA:168,0
DA:169,0
DA:173,0
DA:176,0
DA:177,0
DA:178,0
DA:179,0
DA:181,0
DA:183,0
DA:184,0
DA:188,0
DA:201,0
DA:202,0
DA:205,0
DA:206,0
DA:207,0
DA:208,0
DA:210,0
DA:211,0
DA:214,0
DA:216,0
DA:217,0
DA:219,0
DA:220,0
DA:222,0
DA:223,0
DA:227,0
DA:228,0
DA:229,0
DA:231,0
DA:232,0
DA:234,0
DA:235,0
DA:237,0
DA:238,0
DA:242,0
DA:243,0
DA:246,0
DA:247,0
DA:249,0
DA:250,0
DA:252,0
DA:253,0
DA:257,0
DA:258,0
DA:262,0
DA:263,0
DA:265,0
DA:266,0
DA:268,0
DA:269,0
DA:273,0
LF:119
LH:0
BRDA:26,0,0,0
BRDA:26,0,1,0
BRDA:31,1,0,0
BRDA:31,1,1,0
BRDA:66,2,0,0
BRDA:66,2,1,0
BRDA:76,3,0,0
BRDA:76,3,1,0
BRDA:110,4,0,0
BRDA:110,4,1,0
BRDA:120,5,0,0
BRDA:120,5,1,0
BRDA:160,6,0,0
BRDA:160,6,1,0
BRF:14
BRH:0
end_of_record
TN:
SF:controllers\profilesController.js
FN:4,(anonymous_0)
FN:18,(anonymous_1)
FN:30,(anonymous_2)
FN:41,(anonymous_3)
FNF:4
FNH:0
FNDA:0,(anonymous_0)
FNDA:0,(anonymous_1)
FNDA:0,(anonymous_2)
FNDA:0,(anonymous_3)
DA:1,0
DA:2,0
DA:4,0
DA:5,0
DA:6,0
DA:9,0
DA:10,0
DA:11,0
DA:14,0
DA:18,0
DA:19,0
DA:20,0
DA:22,0
DA:23,0
DA:24,0
DA:26,0
DA:30,0
DA:31,0
DA:32,0
DA:33,0
DA:34,0
DA:35,0
DA:37,0
DA:41,0
DA:42,0
DA:52,0
DA:53,0
DA:54,0
DA:55,0
DA:56,0
DA:57,0
DA:58,0
DA:59,0
DA:62,0
DA:66,0
DA:67,0
DA:68,0
DA:69,0
DA:71,0
DA:75,0
DA:79,0
DA:80,0
DA:81,0
DA:84,0
DA:87,0
DA:88,0
DA:89,0
DA:90,0
DA:92,0
DA:96,0
LF:50
LH:0
BRDA:6,0,0,0
BRDA:6,0,1,0
BRDA:10,1,0,0
BRDA:10,1,1,0
BRF:4
BRH:0
end_of_record
TN:
SF:controllers\rolesController.js
FN:3,(anonymous_0)
FN:15,(anonymous_1)
FN:29,(anonymous_2)
FN:51,(anonymous_3)
FNF:4
FNH:0
FNDA:0,(anonymous_0)
FNDA:0,(anonymous_1)
FNDA:0,(anonymous_2)
FNDA:0,(anonymous_3)
DA:1,0
DA:3,0
DA:5,0
DA:7,0
DA:8,0
DA:9,0
DA:11,0
DA:15,0
DA:16,0
DA:17,0
DA:21,0
DA:22,0
DA:23,0
DA:25,0
DA:29,0
DA:30,0
DA:32,0
DA:43,0
DA:44,0
DA:45,0
DA:47,0
DA:51,0
DA:52,0
DA:53,0
DA:55,0
DA:57,0
DA:58,0
DA:59,0
DA:61,0
DA:65,0
LF:30
LH:0
BRDA:17,0,0,0
BRDA:17,0,1,0
BRDA:22,1,0,0
BRDA:22,1,1,0
BRF:4
BRH:0
end_of_record
