TN:
SF:authMiddleware.js
FN:6,(anonymous_0)
FNF:1
FNH:1
FNDA:4,(anonymous_0)
DA:1,1
DA:2,1
DA:3,1
DA:6,1
DA:7,4
DA:8,4
DA:11,4
DA:12,3
DA:13,3
DA:14,1
DA:15,1
DA:18,1
DA:19,1
DA:20,1
DA:22,2
DA:23,2
DA:25,2
DA:29,1
DA:30,1
DA:32,1
DA:33,1
DA:34,1
DA:38,1
DA:39,1
DA:40,1
DA:44,1
LF:26
LH:26
BRDA:11,0,0,3
BRDA:11,0,1,1
BRDA:13,1,0,1
BRDA:13,1,1,2
BRF:4
BRH:4
end_of_record
TN:
SF:errorHandler.js
FN:5,(anonymous_0)
FNF:1
FNH:1
FNDA:2,(anonymous_0)
DA:1,1
DA:5,1
DA:6,2
DA:7,2
DA:8,2
DA:11,1
LF:6
LH:6
BRDA:7,0,0,2
BRDA:7,0,1,1
BRF:2
BRH:2
end_of_record
TN:
SF:server.js
FN:23,(anonymous_0)
FN:33,(anonymous_1)
FN:39,(anonymous_2)
FN:42,(anonymous_3)
FNF:4
FNH:0
FNDA:0,(anonymous_0)
FNDA:0,(anonymous_1)
FNDA:0,(anonymous_2)
FNDA:0,(anonymous_3)
DA:1,0
DA:2,0
DA:3,0
DA:4,0
DA:5,0
DA:6,0
DA:7,0
DA:8,0
DA:9,0
DA:10,0
DA:13,0
DA:16,0
DA:17,0
DA:18,0
DA:19,0
DA:20,0
DA:21,0
DA:23,0
DA:24,0
DA:28,0
DA:30,0
DA:33,0
DA:34,0
DA:37,0
DA:39,0
DA:40,0
DA:42,0
DA:43,0
DA:44,0
LF:29
LH:0
BRF:0
BRH:0
end_of_record
TN:
SF:constants\profile.js
FNF:0
FNH:0
DA:1,1
DA:8,1
DA:9,1
DA:10,1
DA:12,1
LF:5
LH:5
BRF:0
BRH:0
end_of_record
TN:
SF:controllers\adminProfilesController.js
FN:4,(anonymous_0)
FNF:1
FNH:1
FNDA:3,(anonymous_0)
DA:1,1
DA:2,1
DA:4,1
DA:5,3
DA:6,3
DA:8,3
DA:9,3
DA:10,2
DA:12,1
DA:16,1
LF:10
LH:10
BRDA:6,0,0,2
BRDA:6,0,1,1
BRDA:9,1,0,2
BRDA:9,1,1,1
BRF:4
BRH:4
end_of_record
TN:
SF:controllers\gardensController.js
FN:6,(anonymous_0)
FN:28,(anonymous_1)
FN:48,(anonymous_2)
FN:96,(anonymous_3)
FNF:4
FNH:4
FNDA:5,(anonymous_0)
FNDA:4,(anonymous_1)
FNDA:3,(anonymous_2)
FNDA:5,(anonymous_3)
DA:1,1
DA:2,1
DA:3,1
DA:4,1
DA:6,1
DA:7,5
DA:9,5
DA:11,5
DA:12,1
DA:13,4
DA:14,1
DA:16,5
DA:20,5
DA:21,5
DA:22,4
DA:24,1
DA:28,1
DA:29,4
DA:30,4
DA:32,4
DA:33,1
DA:34,3
DA:35,1
DA:38,4
DA:40,4
DA:41,4
DA:42,3
DA:44,1
DA:48,1
DA:49,3
DA:50,3
DA:62,3
DA:63,3
DA:64,3
DA:67,3
DA:68,27
DA:69,3
DA:70,3
DA:71,3
DA:75,3
DA:76,1
DA:77,1
DA:78,1
DA:82,2
DA:85,2
DA:86,2
DA:88,2
DA:89,2
DA:90,1
DA:92,1
DA:96,1
DA:97,5
DA:99,5
DA:100,5
DA:103,5
DA:104,5
DA:110,4
DA:111,4
DA:113,1
DA:116,4
DA:117,4
DA:118,4
DA:131,1
DA:134,3
DA:135,3
DA:136,3
DA:137,2
DA:139,1
DA:142,2
DA:143,2
DA:144,2
DA:145,1
DA:147,1
DA:151,1
LF:74
LH:74
BRDA:11,0,0,1
BRDA:11,0,1,4
BRDA:13,1,0,1
BRDA:13,1,1,3
BRDA:16,2,0,1
BRDA:16,2,1,4
BRDA:21,3,0,1
BRDA:21,3,1,4
BRDA:32,4,0,1
BRDA:32,4,1,3
BRDA:34,5,0,1
BRDA:34,5,1,2
BRDA:68,6,0,3
BRDA:68,6,1,24
BRDA:75,7,0,1
BRDA:75,7,1,2
BRF:16
BRH:16
end_of_record
TN:
SF:controllers\plotsController.js
FN:4,(anonymous_0)
FN:30,(anonymous_1)
FN:59,(anonymous_2)
FNF:3
FNH:3
FNDA:3,(anonymous_0)
FNDA:3,(anonymous_1)
FNDA:6,(anonymous_2)
DA:1,1
DA:2,1
DA:4,1
DA:5,3
DA:7,3
DA:8,3
DA:10,3
DA:11,2
DA:12,2
DA:15,3
DA:16,2
DA:17,2
DA:20,3
DA:22,3
DA:23,3
DA:24,2
DA:26,1
DA:30,1
DA:31,3
DA:32,3
DA:40,3
DA:41,3
DA:43,1
DA:46,2
DA:50,2
DA:51,2
DA:53,1
DA:56,1
DA:59,1
DA:60,6
DA:66,6
DA:68,6
DA:69,6
DA:70,5
DA:71,5
DA:73,1
DA:77,5
DA:81,5
DA:82,5
DA:84,1
DA:88,4
DA:91,4
DA:92,4
DA:94,1
DA:98,3
DA:101,3
DA:102,3
DA:104,1
DA:108,2
DA:111,2
DA:112,2
DA:114,1
DA:117,1
DA:120,1
LF:54
LH:54
BRDA:10,0,0,2
BRDA:10,0,1,1
BRDA:15,1,0,2
BRDA:15,1,1,1
BRF:4
BRH:4
end_of_record
TN:
SF:controllers\postsAndtasksController.js
FN:4,(anonymous_0)
FN:36,(anonymous_1)
FN:79,(anonymous_2)
FN:123,(anonymous_3)
FN:210,(anonymous_4)
FN:225,(anonymous_5)
FN:240,(anonymous_6)
FNF:7
FNH:2
FNDA:3,(anonymous_0)
FNDA:4,(anonymous_1)
FNDA:0,(anonymous_2)
FNDA:0,(anonymous_3)
FNDA:0,(anonymous_4)
FNDA:0,(anonymous_5)
FNDA:0,(anonymous_6)
DA:1,1
DA:2,1
DA:4,1
DA:5,3
DA:6,3
DA:7,3
DA:9,3
DA:10,1
DA:11,1
DA:14,3
DA:15,1
DA:16,1
DA:19,3
DA:28,3
DA:29,3
DA:30,2
DA:32,1
DA:36,1
DA:37,4
DA:40,4
DA:48,4
DA:49,4
DA:50,1
DA:58,1
DA:59,3
DA:60,2
DA:68,2
DA:71,4
DA:72,4
DA:73,3
DA:75,1
DA:79,1
DA:80,0
DA:81,0
DA:84,0
DA:92,0
DA:93,0
DA:94,0
DA:102,0
DA:103,0
DA:104,0
DA:112,0
DA:115,0
DA:116,0
DA:117,0
DA:119,0
DA:123,1
DA:124,0
DA:125,0
DA:132,0
DA:133,0
DA:134,0
DA:135,0
DA:137,0
DA:138,0
DA:141,0
DA:143,0
DA:144,0
DA:146,0
DA:147,0
DA:148,0
DA:149,0
DA:151,0
DA:152,0
DA:156,0
DA:159,0
DA:160,0
DA:161,0
DA:162,0
DA:164,0
DA:166,0
DA:167,0
DA:171,0
DA:184,0
DA:185,0
DA:188,0
DA:189,0
DA:190,0
DA:191,0
DA:193,0
DA:194,0
DA:197,0
DA:199,0
DA:200,0
DA:202,0
DA:203,0
DA:205,0
DA:206,0
DA:210,1
DA:211,0
DA:212,0
DA:214,0
DA:215,0
DA:217,0
DA:218,0
DA:220,0
DA:221,0
DA:225,1
DA:226,0
DA:229,0
DA:230,0
DA:232,0
DA:233,0
DA:235,0
DA:236,0
DA:240,1
DA:241,0
DA:245,0
DA:246,0
DA:248,0
DA:249,0
DA:251,0
DA:252,0
DA:256,1
LF:114
LH:37
BRDA:9,0,0,1
BRDA:9,0,1,2
BRDA:14,1,0,1
BRDA:14,1,1,2
BRDA:49,2,0,1
BRDA:49,2,1,3
BRDA:59,3,0,2
BRDA:59,3,1,1
BRDA:93,4,0,0
BRDA:93,4,1,0
BRDA:103,5,0,0
BRDA:103,5,1,0
BRDA:143,6,0,0
BRDA:143,6,1,0
BRF:14
BRH:8
end_of_record
TN:
SF:controllers\profilesController.js
FN:5,(anonymous_0)
FN:19,(anonymous_1)
FN:31,(anonymous_2)
FN:42,(anonymous_3)
FNF:4
FNH:4
FNDA:3,(anonymous_0)
FNDA:2,(anonymous_1)
FNDA:2,(anonymous_2)
FNDA:6,(anonymous_3)
DA:1,1
DA:2,1
DA:3,1
DA:5,1
DA:6,3
DA:7,3
DA:10,3
DA:11,3
DA:12,2
DA:15,1
DA:19,1
DA:20,2
DA:21,2
DA:23,2
DA:24,2
DA:25,1
DA:27,1
DA:31,1
DA:32,2
DA:33,2
DA:34,2
DA:35,2
DA:36,1
DA:38,1
DA:42,1
DA:43,6
DA:53,6
DA:54,6
DA:55,6
DA:56,5
DA:57,5
DA:58,5
DA:59,5
DA:60,5
DA:63,1
DA:67,5
DA:68,5
DA:69,5
DA:70,4
DA:72,1
DA:76,4
DA:80,4
DA:81,4
DA:82,4
DA:85,1
DA:88,3
DA:89,3
DA:90,3
DA:92,1
DA:95,2
DA:96,2
DA:97,2
DA:98,1
DA:100,1
DA:104,1
LF:55
LH:55
BRDA:7,0,0,2
BRDA:7,0,1,1
BRDA:11,1,0,2
BRDA:11,1,1,1
BRF:4
BRH:4
end_of_record
TN:
SF:controllers\rolesController.js
FN:4,(anonymous_0)
FN:16,(anonymous_1)
FN:30,(anonymous_2)
FN:52,(anonymous_3)
FNF:4
FNH:4
FNDA:2,(anonymous_0)
FNDA:3,(anonymous_1)
FNDA:2,(anonymous_2)
FNDA:2,(anonymous_3)
DA:1,1
DA:2,1
DA:4,1
DA:6,2
DA:8,2
DA:9,2
DA:10,1
DA:12,1
DA:16,1
DA:17,3
DA:18,3
DA:22,3
DA:23,3
DA:24,2
DA:26,1
DA:30,1
DA:31,2
DA:33,2
DA:44,2
DA:45,2
DA:46,1
DA:48,1
DA:52,1
DA:53,2
DA:54,2
DA:56,2
DA:58,2
DA:59,2
DA:60,1
DA:62,1
DA:66,1
LF:31
LH:31
BRDA:18,0,0,2
BRDA:18,0,1,1
BRDA:23,1,0,2
BRDA:23,1,1,1
BRF:4
BRH:4
end_of_record
TN:
SF:controllers\tests\fixtures\gardenFixtures.js
FNF:0
FNH:0
DA:4,1
DA:33,1
DA:63,1
LF:3
LH:3
BRF:0
BRH:0
end_of_record
TN:
SF:controllers\tests\fixtures\plotFixtures.js
FNF:0
FNH:0
DA:1,1
DA:14,1
LF:2
LH:2
BRF:0
BRH:0
end_of_record
TN:
SF:controllers\tests\fixtures\postAndTaskFixtures.js
FNF:0
FNH:0
DA:1,1
DA:25,1
LF:2
LH:2
BRF:0
BRH:0
end_of_record
TN:
SF:controllers\tests\fixtures\profileFixtures.js
FNF:0
FNH:0
DA:1,1
DA:16,1
LF:2
LH:2
BRF:0
BRH:0
end_of_record
TN:
SF:controllers\tests\fixtures\roleFixtures.js
FNF:0
FNH:0
DA:1,1
DA:12,1
LF:2
LH:2
BRF:0
BRH:0
end_of_record
TN:
SF:database\index.js
FNF:0
FNH:0
DA:1,0
DA:2,0
DA:4,0
DA:18,0
LF:4
LH:0
BRF:0
BRH:0
end_of_record
TN:
SF:routers\adminProfilesRouter.js
FNF:0
FNH:0
DA:1,0
DA:2,0
DA:3,0
DA:5,0
DA:7,0
DA:9,0
LF:6
LH:0
BRF:0
BRH:0
end_of_record
TN:
SF:routers\gardensRouter.js
FNF:0
FNH:0
DA:1,0
DA:7,0
DA:9,0
DA:11,0
DA:14,0
DA:15,0
DA:17,0
DA:18,0
DA:20,0
LF:9
LH:0
BRF:0
BRH:0
end_of_record
TN:
SF:routers\plotsRouter.js
FNF:0
FNH:0
DA:1,0
DA:2,0
DA:4,0
DA:6,0
DA:9,0
DA:11,0
DA:13,0
DA:15,0
LF:8
LH:0
BRF:0
BRH:0
end_of_record
TN:
SF:routers\postsAndtasksRouter.js
FNF:0
FNH:0
DA:1,0
DA:11,0
DA:13,0
DA:15,0
DA:18,0
DA:21,0
DA:24,0
DA:27,0
DA:30,0
DA:33,0
DA:36,0
DA:38,0
LF:12
LH:0
BRF:0
BRH:0
end_of_record
TN:
SF:routers\profilesRouter.js
FNF:0
FNH:0
DA:1,0
DA:7,0
DA:8,0
DA:10,0
DA:13,0
DA:15,0
DA:17,0
DA:19,0
DA:21,0
LF:9
LH:0
BRF:0
BRH:0
end_of_record
TN:
SF:routers\rolesRouter.js
FNF:0
FNH:0
DA:1,0
DA:2,0
DA:4,0
DA:6,0
DA:9,0
DA:11,0
DA:13,0
DA:15,0
DA:17,0
LF:9
LH:0
BRF:0
BRH:0
end_of_record
